<?xml version="1.0" encoding="UTF-8"?>
<!-- Generated by org.testng.reporters.JUnitXMLReporter -->
<testsuite hostname="DESKTOP-MD2112N" ignored="2" name="Create Customer API Test" tests="5" failures="1" timestamp="27 Jun 2020 01:03:02 GMT" time="3.026" errors="0">
  <testcase name="CreateCustomerAPIInvalid" time="1.579" classname="com.automation.APIautomationFramework.testcases.CreateCustomerTest">
    <failure type="java.lang.AssertionError" message="expected [200] but found [401]">
      <![CDATA[java.lang.AssertionError: expected [200] but found [401]
at com.automation.APIautomationFramework.testcases.CreateCustomerTest.CreateCustomerAPIInvalid(CreateCustomerTest.java:92)
... Removed 31 stack frames]]>
    </failure>
  </testcase> <!-- CreateCustomerAPIInvalid -->
  <testcase name="CreateCustomerAPIValid" time="0.002" classname="com.automation.APIautomationFramework.testcases.CreateCustomerTest">
    <skipped/>
  </testcase> <!-- CreateCustomerAPIValid -->
  <testcase name="CreateCustomerAPIValid" time="0.688" classname="com.automation.APIautomationFramework.testcases.CreateCustomerTest"/>
  <testcase name="CreateCustomerAPIValid" time="0.686" classname="com.automation.APIautomationFramework.testcases.CreateCustomerTest"/>
  <testcase name="DeleteCustomer" time="0.007" classname="com.automation.APIautomationFramework.testcases.DeleteCustomerTest">
    <skipped/>
  </testcase> <!-- DeleteCustomer -->
  <testcase name="@BeforeSuite setUp" time="0.0" classname="com.automation.APIautomationFramework.base.BaseTest">
    <ignored/>
  </testcase> <!-- @BeforeSuite setUp -->
  <testcase name="@AfterSuite tearDown" time="0.0" classname="com.automation.APIautomationFramework.base.BaseTest">
    <ignored/>
  </testcase> <!-- @AfterSuite tearDown -->
</testsuite> <!-- Create Customer API Test -->
