<!DOCTYPE html PUBLIC "-//W3C//DTD XHTML 1.1//EN" "http://www.w3.org/TR/xhtml11/DTD/xhtml11.dtd">
<html xmlns="http://www.w3.org/1999/xhtml"><head><title>TestNG Report</title><style type="text/css">table {margin-bottom:10px;border-collapse:collapse;empty-cells:show}th,td {border:1px solid #009;padding:.25em .5em}th {vertical-align:bottom}td {vertical-align:top}table a {font-weight:bold}.stripe td {background-color: #E6EBF9}.num {text-align:right}.passedodd td {background-color: #3F3}.passedeven td {background-color: #0A0}.skippedodd td {background-color: #DDD}.skippedeven td {background-color: #CCC}.failedodd td,.attn {background-color: #F33}.failedeven td,.stripe .attn {background-color: #D00}.stacktrace {white-space:pre;font-family:monospace}.totop {font-size:85%;text-align:center;border-bottom:2px solid #000}</style></head><body><table><tr><th>Test</th><th># Passed</th><th># Skipped</th><th># Failed</th><th>Time (ms)</th><th>Included Groups</th><th>Excluded Groups</th></tr><tr><th colspan="7">Suite</th></tr><tr><td><a href="#t0">DeleteCustomerTest</a></td><td class="num">0</td><td class="num">0</td><td class="num attn">1</td><td class="num">1,791</td><td></td><td></td></tr><tr class="stripe"><td><a href="#t1">CreateCustomerTest</a></td><td class="num">1</td><td class="num attn">2</td><td class="num attn">1</td><td class="num">2,119</td><td></td><td></td></tr><tr><th>Total</th><th class="num">1</th><th class="num attn">2</th><th class="num attn">2</th><th class="num">3,910</th><th colspan="2"></th></tr></table><table><thead><tr><th>Class</th><th>Method</th><th>Start</th><th>Time (ms)</th></tr></thead><tbody><tr><th colspan="4">Suite</th></tr></tbody><tbody id="t0"><tr><th colspan="4">DeleteCustomerTest &#8212; failed</th></tr><tr class="failedeven"><td rowspan="1">com.automation.APIautomationFramework.testcases.DeleteCustomerTest</td><td><a href="#m0">DeleteCustomer</a></td><td rowspan="1">1595555869967</td><td rowspan="1">1764</td></tr></tbody><tbody id="t1"><tr><th colspan="4">CreateCustomerTest &#8212; failed</th></tr><tr class="failedeven"><td rowspan="1">com.automation.APIautomationFramework.testcases.CreateCustomerTest</td><td><a href="#m1">CreateCustomerAPIInvalid</a></td><td rowspan="1">1595555869967</td><td rowspan="1">1524</td></tr><tr><th colspan="4">CreateCustomerTest &#8212; skipped</th></tr><tr class="skippedeven"><td rowspan="2">com.automation.APIautomationFramework.testcases.CreateCustomerTest</td><td><a href="#m2">CreateCustomerAPIValid</a></td><td rowspan="2">1595555871504</td><td rowspan="2">1</td></tr><tr class="skippedeven"><td><a href="#m3">CreateCustomerAPIValid</a></td></tr><tr><th colspan="4">CreateCustomerTest &#8212; passed</th></tr><tr class="passedeven"><td rowspan="1">com.automation.APIautomationFramework.testcases.CreateCustomerTest</td><td><a href="#m4">CreateCustomerAPIValid</a></td><td rowspan="1">1595555871504</td><td rowspan="1">553</td></tr></tbody></table><h2>DeleteCustomerTest</h2><h3 id="m0">com.automation.APIautomationFramework.testcases.DeleteCustomerTest#DeleteCustomer</h3><table class="result"><tr class="param"><th>Parameter #1</th></tr><tr class="param stripe"><td>{Runmode=Y, id=java@way2automation.com}</td></tr><tr><th>Exception</th></tr><tr><td><div class="stacktrace">java.lang.AssertionError: expected [200] but found [404]
	at com.automation.APIautomationFramework.testcases.DeleteCustomerTest.DeleteCustomer(DeleteCustomerTest.java:50)
	at java.util.concurrent.FutureTask.run(FutureTask.java:266)
	at java.util.concurrent.Executors$RunnableAdapter.call(Executors.java:511)
	at java.util.concurrent.FutureTask.run(FutureTask.java:266)
	at java.util.concurrent.ThreadPoolExecutor.runWorker(ThreadPoolExecutor.java:1149)
	at java.util.concurrent.ThreadPoolExecutor$Worker.run(ThreadPoolExecutor.java:624)
	at java.lang.Thread.run(Thread.java:748)
... Removed 15 stack frames</div></td></tr></table><p class="totop"><a href="#summary">back to summary</a></p><h2>CreateCustomerTest</h2><h3 id="m1">com.automation.APIautomationFramework.testcases.CreateCustomerTest#CreateCustomerAPIInvalid</h3><table class="result"><tr class="param"><th>Parameter #1</th></tr><tr class="param stripe"><td>{email=java@way2automation.com, name=Runmode, Runmode=Y, description=Adding the Second customer in framework}</td></tr><tr><th>Exception</th></tr><tr><td><div class="stacktrace">java.lang.AssertionError: expected [200] but found [401]
	at com.automation.APIautomationFramework.testcases.CreateCustomerTest.CreateCustomerAPIInvalid(CreateCustomerTest.java:95)
	at java.util.concurrent.FutureTask.run(FutureTask.java:266)
	at java.util.concurrent.Executors$RunnableAdapter.call(Executors.java:511)
	at java.util.concurrent.FutureTask.run(FutureTask.java:266)
	at java.util.concurrent.ThreadPoolExecutor.runWorker(ThreadPoolExecutor.java:1149)
	at java.util.concurrent.ThreadPoolExecutor$Worker.run(ThreadPoolExecutor.java:624)
	at java.lang.Thread.run(Thread.java:748)
... Removed 15 stack frames</div></td></tr></table><p class="totop"><a href="#summary">back to summary</a></p><h3 id="m2">com.automation.APIautomationFramework.testcases.CreateCustomerTest#CreateCustomerAPIValid</h3><table class="result"><tr class="param"><th>Parameter #1</th></tr><tr class="param stripe"><td>{email=ishita@way2automation.com, name=Ishita Arora, Runmode=Y, description=Adding the forth Customer in framework}</td></tr><tr><th>Exception</th></tr><tr><td><div class="stacktrace">org.testng.SkipException: Test skipped since rumode is N
	at com.automation.APIautomationFramework.testcases.CreateCustomerTest.CreateCustomerAPIValid(CreateCustomerTest.java:49)
	at java.util.concurrent.FutureTask.run(FutureTask.java:266)
	at java.util.concurrent.Executors$RunnableAdapter.call(Executors.java:511)
	at java.util.concurrent.FutureTask.run(FutureTask.java:266)
	at java.util.concurrent.ThreadPoolExecutor.runWorker(ThreadPoolExecutor.java:1149)
	at java.util.concurrent.ThreadPoolExecutor$Worker.run(ThreadPoolExecutor.java:624)
	at java.lang.Thread.run(Thread.java:748)
... Removed 9 stack frames</div></td></tr></table><p class="totop"><a href="#summary">back to summary</a></p><h3 id="m3">com.automation.APIautomationFramework.testcases.CreateCustomerTest#CreateCustomerAPIValid</h3><table class="result"><tr class="param"><th>Parameter #1</th></tr><tr class="param stripe"><td>{email=java@way2automation.com, name=Rahul Arora, Runmode=N, description=Adding the Second customer in framework}</td></tr><tr><th>Exception</th></tr><tr><td><div class="stacktrace">org.testng.SkipException: Test skipped since rumode is N
	at com.automation.APIautomationFramework.testcases.CreateCustomerTest.CreateCustomerAPIValid(CreateCustomerTest.java:49)
	at java.util.concurrent.FutureTask.run(FutureTask.java:266)
	at java.util.concurrent.Executors$RunnableAdapter.call(Executors.java:511)
	at java.util.concurrent.FutureTask.run(FutureTask.java:266)
	at java.util.concurrent.ThreadPoolExecutor.runWorker(ThreadPoolExecutor.java:1149)
	at java.util.concurrent.ThreadPoolExecutor$Worker.run(ThreadPoolExecutor.java:624)
	at java.lang.Thread.run(Thread.java:748)
... Removed 9 stack frames</div></td></tr></table><p class="totop"><a href="#summary">back to summary</a></p><h3 id="m4">com.automation.APIautomationFramework.testcases.CreateCustomerTest#CreateCustomerAPIValid</h3><table class="result"><tr class="param"><th>Parameter #1</th></tr><tr class="param stripe"><td>{email=corporate@way2automation.com, name=Raman Arora, Runmode=Y, description=Adding the Third Customer in Framework}</td></tr></table><p class="totop"><a href="#summary">back to summary</a></p></body></html>